<?xml version="1.0" encoding="UTF-8"?>
<!-- Generated by org.testng.reporters.JUnitReportReporter -->
<testsuite hostname="INISKDQA4" failures="0" tests="12" name="testcases.Pending_projects" time="1.614" errors="1" timestamp="2024-06-14T14:01:21 IST" skipped="11">
  <testcase classname="testcases.Pending_projects" name="setup" time="1.614">
    <error message="java.lang.NumberFormatException: For input string: &quot;public&quot;" type="io.github.bonigarcia.wdm.config.WebDriverManagerException">
      <![CDATA[io.github.bonigarcia.wdm.config.WebDriverManagerException: java.lang.NumberFormatException: For input string: "public"
at io.github.bonigarcia.wdm.WebDriverManager.handleException(WebDriverManager.java:1435)
at io.github.bonigarcia.wdm.WebDriverManager.manage(WebDriverManager.java:1195)
at io.github.bonigarcia.wdm.WebDriverManager.fallback(WebDriverManager.java:1451)
at io.github.bonigarcia.wdm.WebDriverManager.handleException(WebDriverManager.java:1432)
at io.github.bonigarcia.wdm.WebDriverManager.manage(WebDriverManager.java:1195)
at io.github.bonigarcia.wdm.WebDriverManager.handleException(WebDriverManager.java:1425)
at io.github.bonigarcia.wdm.WebDriverManager.manage(WebDriverManager.java:1195)
at io.github.bonigarcia.wdm.WebDriverManager.setup(WebDriverManager.java:427)
at testcases.Pending_projects.setup(Pending_projects.java:21)
at java.base/jdk.internal.reflect.DirectMethodHandleAccessor.invoke(DirectMethodHandleAccessor.java:104)
at java.base/java.lang.reflect.Method.invoke(Method.java:578)
at org.testng.internal.invokers.MethodInvocationHelper.invokeMethod(MethodInvocationHelper.java:139)
at org.testng.internal.invokers.MethodInvocationHelper.invokeMethodConsideringTimeout(MethodInvocationHelper.java:69)
at org.testng.internal.invokers.ConfigInvoker.invokeConfigurationMethod(ConfigInvoker.java:390)
at org.testng.internal.invokers.ConfigInvoker.invokeConfigurations(ConfigInvoker.java:325)
at org.testng.internal.invokers.TestMethodWorker.invokeBeforeClassMethods(TestMethodWorker.java:180)
at org.testng.internal.invokers.TestMethodWorker.run(TestMethodWorker.java:122)
at java.base/java.util.concurrent.ThreadPoolExecutor.runWorker(ThreadPoolExecutor.java:1144)
at java.base/java.util.concurrent.ThreadPoolExecutor$Worker.run(ThreadPoolExecutor.java:642)
at java.base/java.lang.Thread.run(Thread.java:1623)
Caused by: java.lang.NumberFormatException: For input string: "public"
at java.base/java.lang.NumberFormatException.forInputString(NumberFormatException.java:67)
at java.base/java.lang.Integer.parseInt(Integer.java:665)
at java.base/java.lang.Integer.parseInt(Integer.java:781)
at io.github.bonigarcia.wdm.managers.ChromeDriverManager.buildUrl(ChromeDriverManager.java:178)
at io.github.bonigarcia.wdm.managers.ChromeDriverManager.buildUrl(ChromeDriverManager.java:155)
at io.github.bonigarcia.wdm.WebDriverManager.download(WebDriverManager.java:1272)
at io.github.bonigarcia.wdm.WebDriverManager.manage(WebDriverManager.java:1189)
... 18 more
]]>
    </error>
  </testcase> <!-- setup -->
  <testcase classname="testcases.Pending_projects" name="mylogin" time="0.000">
    <skipped/>
  </testcase> <!-- mylogin -->
  <testcase classname="testcases.Pending_projects" name="access" time="0.000">
    <skipped/>
  </testcase> <!-- access -->
  <testcase classname="testcases.Pending_projects" name="accessProjects" time="0.000">
    <skipped/>
  </testcase> <!-- accessProjects -->
  <testcase classname="testcases.Pending_projects" name="pendingtabaccess" time="0.000">
    <skipped/>
  </testcase> <!-- pendingtabaccess -->
  <testcase classname="testcases.Pending_projects" name="Pending_Appdetails" time="0.000">
    <skipped/>
  </testcase> <!-- Pending_Appdetails -->
  <testcase classname="testcases.Pending_projects" name="pending_assign_btn" time="0.000">
    <skipped/>
  </testcase> <!-- pending_assign_btn -->
  <testcase classname="testcases.Pending_projects" name="Pending_assign_Work" time="0.000">
    <skipped/>
  </testcase> <!-- Pending_assign_Work -->
  <testcase classname="testcases.Pending_projects" name="Pending_projectdetails" time="0.000">
    <skipped/>
  </testcase> <!-- Pending_projectdetails -->
  <testcase classname="testcases.Pending_projects" name="Pending_projectdetails_view" time="0.000">
    <skipped/>
  </testcase> <!-- Pending_projectdetails_view -->
  <testcase classname="testcases.Pending_projects" name="Pending_Assign" time="0.000">
    <skipped/>
  </testcase> <!-- Pending_Assign -->
  <testcase classname="testcases.Pending_projects" name="PendingProjects_exporttoexcel" time="0.000">
    <skipped/>
  </testcase> <!-- PendingProjects_exporttoexcel -->
</testsuite> <!-- testcases.Pending_projects -->
