<?xml version="1.0" encoding="UTF-8"?>
<!-- Generated by org.testng.reporters.JUnitReportReporter -->
<testsuite hostname="INISKDQA4" failures="0" tests="12" name="testcases.InsuranceCrosswalk" time="0.653" errors="1" timestamp="2024-01-11T12:07:43 IST" skipped="11">
  <testcase classname="testcases.InsuranceCrosswalk" name="mylogin" time="0.653">
    <error message="no such window: target window already closed
from unknown error: web view not found
  (Session info: chrome=120.0.6099.201)
Build info: version: &#039;4.10.0&#039;, revision: &#039;c14d967899&#039;
System info: os.name: &#039;Windows 10&#039;, os.arch: &#039;amd64&#039;, os.version: &#039;10.0&#039;, java.version: &#039;20.0.1&#039;
Driver info: org.openqa.selenium.chrome.ChromeDriver
Command: [88d3b05bcfb44eebd7ea6dd01cdae9a4, maximizeCurrentWindow {}]
Capabilities {acceptInsecureCerts: false, browserName: chrome, browserVersion: 120.0.6099.201, chrome: {chromedriverVersion: 120.0.6099.109 (3419140ab66..., userDataDir: C:\Users\UJWALA~1.GAV\AppDa...}, fedcm:accounts: true, goog:chromeOptions: {debuggerAddress: localhost:56411}, networkConnectionEnabled: false, pageLoadStrategy: normal, platformName: windows, proxy: Proxy(), se:cdp: ws://localhost:56411/devtoo..., se:cdpVersion: 120.0.6099.201, setWindowRect: true, strictFileInteractability: false, timeouts: {implicit: 0, pageLoad: 300000, script: 30000}, unhandledPromptBehavior: dismiss and notify, webauthn:extension:credBlob: true, webauthn:extension:largeBlob: true, webauthn:extension:minPinLength: true, webauthn:extension:prf: true, webauthn:virtualAuthenticators: true}
Session ID: 88d3b05bcfb44eebd7ea6dd01cdae9a4" type="org.openqa.selenium.NoSuchWindowException">
      <![CDATA[org.openqa.selenium.NoSuchWindowException: no such window: target window already closed
from unknown error: web view not found
  (Session info: chrome=120.0.6099.201)
Build info: version: '4.10.0', revision: 'c14d967899'
System info: os.name: 'Windows 10', os.arch: 'amd64', os.version: '10.0', java.version: '20.0.1'
Driver info: org.openqa.selenium.chrome.ChromeDriver
Command: [88d3b05bcfb44eebd7ea6dd01cdae9a4, maximizeCurrentWindow {}]
Capabilities {acceptInsecureCerts: false, browserName: chrome, browserVersion: 120.0.6099.201, chrome: {chromedriverVersion: 120.0.6099.109 (3419140ab66..., userDataDir: C:\Users\UJWALA~1.GAV\AppDa...}, fedcm:accounts: true, goog:chromeOptions: {debuggerAddress: localhost:56411}, networkConnectionEnabled: false, pageLoadStrategy: normal, platformName: windows, proxy: Proxy(), se:cdp: ws://localhost:56411/devtoo..., se:cdpVersion: 120.0.6099.201, setWindowRect: true, strictFileInteractability: false, timeouts: {implicit: 0, pageLoad: 300000, script: 30000}, unhandledPromptBehavior: dismiss and notify, webauthn:extension:credBlob: true, webauthn:extension:largeBlob: true, webauthn:extension:minPinLength: true, webauthn:extension:prf: true, webauthn:virtualAuthenticators: true}
Session ID: 88d3b05bcfb44eebd7ea6dd01cdae9a4
at java.base/jdk.internal.reflect.DirectConstructorHandleAccessor.newInstance(DirectConstructorHandleAccessor.java:67)
at java.base/java.lang.reflect.Constructor.newInstanceWithCaller(Constructor.java:500)
at java.base/java.lang.reflect.Constructor.newInstance(Constructor.java:484)
at org.openqa.selenium.remote.codec.w3c.W3CHttpResponseCodec.createException(W3CHttpResponseCodec.java:199)
at org.openqa.selenium.remote.codec.w3c.W3CHttpResponseCodec.decode(W3CHttpResponseCodec.java:132)
at org.openqa.selenium.remote.codec.w3c.W3CHttpResponseCodec.decode(W3CHttpResponseCodec.java:51)
at org.openqa.selenium.remote.HttpCommandExecutor.execute(HttpCommandExecutor.java:191)
at org.openqa.selenium.remote.service.DriverCommandExecutor.invokeExecute(DriverCommandExecutor.java:196)
at org.openqa.selenium.remote.service.DriverCommandExecutor.execute(DriverCommandExecutor.java:171)
at org.openqa.selenium.remote.RemoteWebDriver.execute(RemoteWebDriver.java:531)
at org.openqa.selenium.remote.RemoteWebDriver.execute(RemoteWebDriver.java:590)
at org.openqa.selenium.remote.RemoteWebDriver.execute(RemoteWebDriver.java:594)
at org.openqa.selenium.remote.RemoteWebDriver$RemoteWebDriverOptions$RemoteWindow.maximize(RemoteWebDriver.java:955)
at testcases.InsuranceCrosswalk.mylogin(InsuranceCrosswalk.java:36)
at java.base/jdk.internal.reflect.DirectMethodHandleAccessor.invoke(DirectMethodHandleAccessor.java:104)
at java.base/java.lang.reflect.Method.invoke(Method.java:578)
at org.testng.internal.invokers.MethodInvocationHelper.invokeMethod(MethodInvocationHelper.java:139)
at org.testng.internal.invokers.TestInvoker.invokeMethod(TestInvoker.java:664)
at org.testng.internal.invokers.TestInvoker.invokeTestMethod(TestInvoker.java:227)
at org.testng.internal.invokers.MethodRunner.runInSequence(MethodRunner.java:50)
at org.testng.internal.invokers.TestInvoker$MethodInvocationAgent.invoke(TestInvoker.java:957)
at org.testng.internal.invokers.TestInvoker.invokeTestMethods(TestInvoker.java:200)
at org.testng.internal.invokers.TestMethodWorker.invokeTestMethods(TestMethodWorker.java:148)
at org.testng.internal.invokers.TestMethodWorker.run(TestMethodWorker.java:128)
at java.base/java.util.ArrayList.forEach(ArrayList.java:1511)
at org.testng.TestRunner.privateRun(TestRunner.java:848)
at org.testng.TestRunner.run(TestRunner.java:621)
at org.testng.SuiteRunner.runTest(SuiteRunner.java:443)
at org.testng.SuiteRunner.runSequentially(SuiteRunner.java:437)
at org.testng.SuiteRunner.privateRun(SuiteRunner.java:397)
at org.testng.SuiteRunner.run(SuiteRunner.java:336)
at org.testng.SuiteRunnerWorker.runSuite(SuiteRunnerWorker.java:52)
at org.testng.SuiteRunnerWorker.run(SuiteRunnerWorker.java:95)
at org.testng.TestNG.runSuitesSequentially(TestNG.java:1280)
at org.testng.TestNG.runSuitesLocally(TestNG.java:1200)
at org.testng.TestNG.runSuites(TestNG.java:1114)
at org.testng.TestNG.run(TestNG.java:1082)
at org.testng.remote.AbstractRemoteTestNG.run(AbstractRemoteTestNG.java:115)
at org.testng.remote.RemoteTestNG.initAndRun(RemoteTestNG.java:251)
at org.testng.remote.RemoteTestNG.main(RemoteTestNG.java:77)
]]>
    </error>
  </testcase> <!-- mylogin -->
  <testcase classname="testcases.InsuranceCrosswalk" name="access" time="0.000">
    <skipped/>
  </testcase> <!-- access -->
  <testcase classname="testcases.InsuranceCrosswalk" name="accessProjects" time="0.000">
    <skipped/>
  </testcase> <!-- accessProjects -->
  <testcase classname="testcases.InsuranceCrosswalk" name="InsuranceCrosswalktab" time="0.000">
    <skipped/>
  </testcase> <!-- InsuranceCrosswalktab -->
  <testcase classname="testcases.InsuranceCrosswalk" name="InsuranceCrosswalk_viewfilter" time="0.000">
    <skipped/>
  </testcase> <!-- InsuranceCrosswalk_viewfilter -->
  <testcase classname="testcases.InsuranceCrosswalk" name="InsuranceCrosswalk_priorityfilter" time="0.000">
    <skipped/>
  </testcase> <!-- InsuranceCrosswalk_priorityfilter -->
  <testcase classname="testcases.InsuranceCrosswalk" name="Assignedtab_ownerfilter" time="0.000">
    <skipped/>
  </testcase> <!-- Assignedtab_ownerfilter -->
  <testcase classname="testcases.InsuranceCrosswalk" name="Completedtab_projectfilter" time="0.000">
    <skipped/>
  </testcase> <!-- Completedtab_projectfilter -->
  <testcase classname="testcases.InsuranceCrosswalk" name="Completedtab_Appointmnetfilter" time="0.000">
    <skipped/>
  </testcase> <!-- Completedtab_Appointmnetfilter -->
  <testcase classname="testcases.InsuranceCrosswalk" name="completedtab_Exporttoexcel" time="0.000">
    <skipped/>
  </testcase> <!-- completedtab_Exporttoexcel -->
  <testcase classname="testcases.InsuranceCrosswalk" name="Completedtab_projectdeatils" time="0.000">
    <skipped/>
  </testcase> <!-- Completedtab_projectdeatils -->
  <testcase classname="testcases.InsuranceCrosswalk" name="completedtab_scrollbar" time="0.000">
    <skipped/>
  </testcase> <!-- completedtab_scrollbar -->
</testsuite> <!-- testcases.InsuranceCrosswalk -->
